[2025-10-03 13:11:10][INFO] Profils chargés : 1.
[2025-10-03 13:11:13][INFO] Browser initialized for profile 'precious.milaa' with proxy ''.
[2025-10-03 13:13:37][INFO] Profils chargés : 1.
[2025-10-03 13:13:40][INFO] Browser initialized for profile 'precious.milaa' with proxy ''.
[2025-10-03 13:14:27][INFO] Profils chargés : 1.
[2025-10-03 13:14:32][INFO] Browser initialized for profile 'precious.milaa' with proxy ''.
[2025-10-03 13:14:36][INFO] Executed script: C:\Users\User\Desktop\SocialNetworkArmy\SocialNetworkArmy\SocialNetworkArmy\bin\Debug\net9.0-windows\Scripts\instagram\scroll.js
[2025-10-03 13:24:07][INFO] Profils chargés : 1.
[2025-10-03 13:24:10][INFO] Browser initialized for profile 'precious.milaa' with proxy ''.
[2025-10-03 13:24:33][INFO] Browser initialized for profile 'precious.milaa' with proxy ''.
[2025-10-03 13:26:12][INFO] Profils chargés : 1.
[2025-10-03 13:26:15][INFO] Browser initialized for profile 'precious.milaa' with proxy ''.
[2025-10-03 13:26:39][INFO] Browser initialized for profile 'precious.milaa' with proxy ''.
[2025-10-03 13:31:51][INFO] Profils chargés : 1.
[2025-10-03 13:31:54][INFO] Browser initialized for profile 'precious.milaa' with proxy ''.
[2025-10-03 13:31:58][INFO] Executed script: C:\Users\User\Desktop\SocialNetworkArmy\SocialNetworkArmy\SocialNetworkArmy\bin\Debug\net9.0-windows\Scripts\instagram\target.js
[2025-10-03 13:36:22][INFO] Profils chargés : 1.
[2025-10-03 13:36:25][INFO] Browser initialized for profile 'precious.milaa' with proxy ''.
[2025-10-03 13:36:27][INFO] WebView Instagram focused and interactions enabled.
[2025-10-03 13:39:27][INFO] Profils chargés : 1.
[2025-10-03 13:39:31][INFO] Browser initialized for profile 'precious.milaa' with proxy ''.
[2025-10-03 13:39:33][INFO] WebView Instagram focused and interactions enabled.
[2025-10-03 13:41:20][INFO] Profils chargés : 1.
[2025-10-03 13:41:23][INFO] Browser initialized for profile 'precious.milaa' with proxy ''.
[2025-10-03 13:41:26][INFO] WebView Instagram focused and interactions enabled.
[2025-10-03 14:00:38][INFO] Profils chargés : 1.
[2025-10-03 14:00:41][INFO] Browser initialized for profile 'precious.milaa' with proxy ''.
[2025-10-03 14:00:44][INFO] WebView Instagram focused and interactions enabled.
[2025-10-03 14:00:47][INFO] Executed script: C:\Users\User\Desktop\SocialNetworkArmy\SocialNetworkArmy\SocialNetworkArmy\bin\Debug\net9.0-windows\Scripts\instagram\scroll.js
[2025-10-03 14:02:45][INFO] Profils chargés : 1.
[2025-10-03 14:02:55][INFO] Profils chargés : 1.
